Loaded default TestExecutionListener class names from location [META-INF/spring.factories]: [org.springframework.test.context.web.ServletTestExecutionListener, org.springframework.test.context.support.DependencyInjectionTestExecutionListener, org.springframework.test.context.support.DirtiesContextTestExecutionListener, org.springframework.test.context.transaction.TransactionalTestExecutionListener, org.springframework.test.context.jdbc.SqlScriptsTestExecutionListener]
Could not instantiate TestExecutionListener [org.springframework.test.context.web.ServletTestExecutionListener]. Specify custom listener classes or make the default listener classes (and their required dependencies) available. Offending class: [javax/servlet/ServletContext]
Using TestExecutionListeners: [org.springframework.test.context.support.DependencyInjectionTestExecutionListener@4e04a765, org.springframework.test.context.support.DirtiesContextTestExecutionListener@783e6358, org.springframework.test.context.transaction.TransactionalTestExecutionListener@17550481, org.springframework.test.context.jdbc.SqlScriptsTestExecutionListener@735f7ae5]
Loading XML bean definitions from class path resource [configuration.xml]
Refreshing org.springframework.context.support.GenericApplicationContext@23ceabc1: startup date [Tue Apr 18 12:47:01 COT 2017]; root of context hierarchy
Loaded JDBC driver: com.mysql.jdbc.Driver
Hibernate Commons Annotations 3.2.0.Final
Hibernate 3.6.10.Final
hibernate.properties not found
Bytecode provider name : javassist
using JDK 1.4 java.sql.Timestamp handling
recognized obsolete hibernate namespace http://hibernate.sourceforge.net/. Use namespace http://www.hibernate.org/dtd/ instead. Refer to Hibernate 3.6 Migration Guide!
recognized obsolete hibernate namespace http://hibernate.sourceforge.net/. Use namespace http://www.hibernate.org/dtd/ instead. Refer to Hibernate 3.6 Migration Guide!
recognized obsolete hibernate namespace http://hibernate.sourceforge.net/. Use namespace http://www.hibernate.org/dtd/ instead. Refer to Hibernate 3.6 Migration Guide!
recognized obsolete hibernate namespace http://hibernate.sourceforge.net/. Use namespace http://www.hibernate.org/dtd/ instead. Refer to Hibernate 3.6 Migration Guide!
recognized obsolete hibernate namespace http://hibernate.sourceforge.net/. Use namespace http://www.hibernate.org/dtd/ instead. Refer to Hibernate 3.6 Migration Guide!
Mapping class: DTO.Ciudad -> CIUDADES
Mapping class: DTO.Rol -> ROLES
Mapping class: DTO.Usuario -> USUARIOS
Mapping class: DTO.Cliente -> CLIENTES
Mapping class: DTO.Direccion -> DIRECCIONES
Hibernate Validator not found: ignoring
Building new Hibernate SessionFactory
Unable to find org.hibernate.search.event.FullTextIndexEventListener on the classpath. Hibernate Search is not enabled.
composite-id class does not override equals(): DTO.DireccionId
composite-id class does not override hashCode(): DTO.DireccionId
Initializing connection provider: org.springframework.orm.hibernate3.LocalDataSourceConnectionProvider
Using dialect: org.hibernate.dialect.MySQLDialect
Database ->
       name : MySQL
    version : 5.6.26-log
      major : 5
      minor : 6
Driver ->
       name : MySQL-AB JDBC Driver
    version : mysql-connector-java-5.1.22 ( Revision: ${bzr.revision-id} )
      major : 5
      minor : 1
Transaction strategy: org.springframework.orm.hibernate3.SpringTransactionFactory
No TransactionManagerLookup configured (in JTA environment, use of read-write or transactional second-level cache is not recommended)
Automatic flush during beforeCompletion(): disabled
Automatic session close at end of transaction: disabled
JDBC batch size: 15
JDBC batch updates for versioned data: disabled
Scrollable result sets: enabled
JDBC3 getGeneratedKeys(): enabled
Connection release mode: auto
Maximum outer join fetch depth: 2
Default batch fetch size: 1
Generate SQL with comments: disabled
Order SQL updates by primary key: disabled
Order SQL inserts for batching: disabled
Query translator: org.hibernate.hql.ast.ASTQueryTranslatorFactory
Using ASTQueryTranslatorFactory
Query language substitutions: {}
JPA-QL strict compliance: disabled
Second-level cache: enabled
Query cache: disabled
Cache region factory : org.hibernate.cache.impl.NoCachingRegionFactory
Optimize cache for minimal puts: disabled
Structured second-level cache entries: disabled
Echoing all SQL to stdout
Statistics: disabled
Deleted entity synthetic identifier rollback: disabled
Default entity-mode: pojo
Named query checking : enabled
Check Nullability in Core (should be disabled when Bean Validation is on): enabled
building session factory
Type registration [wrapper_characters_clob] overrides previous : org.hibernate.type.CharacterArrayClobType@35d019a3
Type registration [characters_clob] overrides previous : org.hibernate.type.PrimitiveCharacterArrayClobType@799f10e1
Type registration [blob] overrides previous : org.hibernate.type.BlobType@223191a6
Type registration [java.sql.Blob] overrides previous : org.hibernate.type.BlobType@223191a6
Type registration [wrapper_materialized_blob] overrides previous : org.hibernate.type.WrappedMaterializedBlobType@59662a0b
Type registration [materialized_clob] overrides previous : org.hibernate.type.MaterializedClobType@351d00c0
Type registration [materialized_blob] overrides previous : org.hibernate.type.MaterializedBlobType@6069db50
Type registration [clob] overrides previous : org.hibernate.type.ClobType@409bf450
Type registration [java.sql.Clob] overrides previous : org.hibernate.type.ClobType@409bf450
Not binding factory to JNDI, no JNDI name configured
Began transaction (1) for test context [DefaultTestContext@737996a0 testClass = ClienteDAOImplTest, testInstance = test.ClienteDAOImplTest@234bef66, testMethod = testModificar@ClienteDAOImplTest, testException = [null], mergedContextConfiguration = [MergedContextConfiguration@61dc03ce testClass = ClienteDAOImplTest, locations = '{classpath:configuration.xml}', classes = '{}', contextInitializerClasses = '[]', activeProfiles = '{}', propertySourceLocations = '{}', propertySourceProperties = '{}', contextLoader = 'org.springframework.test.context.support.DelegatingSmartContextLoader', parent = [null]]]; transaction manager [org.springframework.orm.hibernate3.HibernateTransactionManager@6d025197]; rollback [true]
Rolled back transaction for test context [DefaultTestContext@737996a0 testClass = ClienteDAOImplTest, testInstance = test.ClienteDAOImplTest@234bef66, testMethod = testModificar@ClienteDAOImplTest, testException = [null], mergedContextConfiguration = [MergedContextConfiguration@61dc03ce testClass = ClienteDAOImplTest, locations = '{classpath:configuration.xml}', classes = '{}', contextInitializerClasses = '[]', activeProfiles = '{}', propertySourceLocations = '{}', propertySourceProperties = '{}', contextLoader = 'org.springframework.test.context.support.DelegatingSmartContextLoader', parent = [null]]].
Began transaction (1) for test context [DefaultTestContext@737996a0 testClass = ClienteDAOImplTest, testInstance = test.ClienteDAOImplTest@30af5b6b, testMethod = testGuardar@ClienteDAOImplTest, testException = [null], mergedContextConfiguration = [MergedContextConfiguration@61dc03ce testClass = ClienteDAOImplTest, locations = '{classpath:configuration.xml}', classes = '{}', contextInitializerClasses = '[]', activeProfiles = '{}', propertySourceLocations = '{}', propertySourceProperties = '{}', contextLoader = 'org.springframework.test.context.support.DelegatingSmartContextLoader', parent = [null]]]; transaction manager [org.springframework.orm.hibernate3.HibernateTransactionManager@6d025197]; rollback [true]
Rolled back transaction for test context [DefaultTestContext@737996a0 testClass = ClienteDAOImplTest, testInstance = test.ClienteDAOImplTest@30af5b6b, testMethod = testGuardar@ClienteDAOImplTest, testException = [null], mergedContextConfiguration = [MergedContextConfiguration@61dc03ce testClass = ClienteDAOImplTest, locations = '{classpath:configuration.xml}', classes = '{}', contextInitializerClasses = '[]', activeProfiles = '{}', propertySourceLocations = '{}', propertySourceProperties = '{}', contextLoader = 'org.springframework.test.context.support.DelegatingSmartContextLoader', parent = [null]]].
Began transaction (1) for test context [DefaultTestContext@737996a0 testClass = ClienteDAOImplTest, testInstance = test.ClienteDAOImplTest@22356acd, testMethod = testObtenerCliente@ClienteDAOImplTest, testException = [null], mergedContextConfiguration = [MergedContextConfiguration@61dc03ce testClass = ClienteDAOImplTest, locations = '{classpath:configuration.xml}', classes = '{}', contextInitializerClasses = '[]', activeProfiles = '{}', propertySourceLocations = '{}', propertySourceProperties = '{}', contextLoader = 'org.springframework.test.context.support.DelegatingSmartContextLoader', parent = [null]]]; transaction manager [org.springframework.orm.hibernate3.HibernateTransactionManager@6d025197]; rollback [true]
Rolled back transaction for test context [DefaultTestContext@737996a0 testClass = ClienteDAOImplTest, testInstance = test.ClienteDAOImplTest@22356acd, testMethod = testObtenerCliente@ClienteDAOImplTest, testException = java.lang.NullPointerException, mergedContextConfiguration = [MergedContextConfiguration@61dc03ce testClass = ClienteDAOImplTest, locations = '{classpath:configuration.xml}', classes = '{}', contextInitializerClasses = '[]', activeProfiles = '{}', propertySourceLocations = '{}', propertySourceProperties = '{}', contextLoader = 'org.springframework.test.context.support.DelegatingSmartContextLoader', parent = [null]]].
Closing org.springframework.context.support.GenericApplicationContext@23ceabc1: startup date [Tue Apr 18 12:47:01 COT 2017]; root of context hierarchy
Closing Hibernate SessionFactory
closing
